{"/Users/lhhsieh/Desktop/531/hw5-jesus255221/src/App.js": {"path":"/Users/lhhsieh/Desktop/531/hw5-jesus255221/src/App.js","statementMap":{"0":{"start":{"line":13,"column":28},"end":{"line":50,"column":11}},"1":{"start":{"line":14,"column":12},"end":{"line":49,"column":13}},"2":{"start":{"line":15,"column":16},"end":{"line":15,"column":25}},"3":{"start":{"line":17,"column":16},"end":{"line":48,"column":44}},"4":{"start":{"line":18,"column":33},"end":{"line":18,"column":43}},"5":{"start":{"line":21,"column":43},"end":{"line":28,"column":30}},"6":{"start":{"line":22,"column":32},"end":{"line":27,"column":33}},"7":{"start":{"line":26,"column":77},"end":{"line":26,"column":112}},"8":{"start":{"line":29,"column":28},"end":{"line":29,"column":57}},"9":{"start":{"line":30,"column":28},"end":{"line":30,"column":83}},"10":{"start":{"line":32,"column":33},"end":{"line":48,"column":21}},"11":{"start":{"line":33,"column":33},"end":{"line":33,"column":43}},"12":{"start":{"line":36,"column":43},"end":{"line":36,"column":52}},"13":{"start":{"line":37,"column":28},"end":{"line":37,"column":90}},"14":{"start":{"line":37,"column":63},"end":{"line":37,"column":89}},"15":{"start":{"line":38,"column":43},"end":{"line":44,"column":30}},"16":{"start":{"line":39,"column":32},"end":{"line":43,"column":33}},"17":{"start":{"line":45,"column":28},"end":{"line":45,"column":57}},"18":{"start":{"line":46,"column":28},"end":{"line":46,"column":83}},"19":{"start":{"line":48,"column":34},"end":{"line":48,"column":43}},"20":{"start":{"line":51,"column":8},"end":{"line":59,"column":10}},"21":{"start":{"line":52,"column":12},"end":{"line":52,"column":74}},"22":{"start":{"line":53,"column":12},"end":{"line":53,"column":74}},"23":{"start":{"line":55,"column":12},"end":{"line":58,"column":13}},"24":{"start":{"line":56,"column":27},"end":{"line":56,"column":67}},"25":{"start":{"line":57,"column":16},"end":{"line":57,"column":60}},"26":{"start":{"line":63,"column":8},"end":{"line":80,"column":10}},"27":{"start":{"line":84,"column":26},"end":{"line":84,"column":36}},"28":{"start":{"line":85,"column":8},"end":{"line":90,"column":39}},"29":{"start":{"line":94,"column":24},"end":{"line":98,"column":2}},"30":{"start":{"line":94,"column":36},"end":{"line":98,"column":1}},"31":{"start":{"line":100,"column":27},"end":{"line":106,"column":1}},"32":{"start":{"line":101,"column":4},"end":{"line":105,"column":5}},"33":{"start":{"line":102,"column":32},"end":{"line":102,"column":60}},"34":{"start":{"line":103,"column":29},"end":{"line":103,"column":54}},"35":{"start":{"line":104,"column":37},"end":{"line":104,"column":70}}},"fnMap":{"0":{"name":"(anonymous_0)","decl":{"start":{"line":12,"column":4},"end":{"line":12,"column":5}},"loc":{"start":{"line":12,"column":24},"end":{"line":60,"column":5}},"line":12},"1":{"name":"(anonymous_1)","decl":{"start":{"line":13,"column":41},"end":{"line":13,"column":42}},"loc":{"start":{"line":13,"column":62},"end":{"line":50,"column":9}},"line":13},"2":{"name":"(anonymous_2)","decl":{"start":{"line":18,"column":26},"end":{"line":18,"column":27}},"loc":{"start":{"line":18,"column":33},"end":{"line":18,"column":43}},"line":18},"3":{"name":"(anonymous_3)","decl":{"start":{"line":19,"column":26},"end":{"line":19,"column":27}},"loc":{"start":{"line":19,"column":33},"end":{"line":31,"column":25}},"line":19},"4":{"name":"(anonymous_4)","decl":{"start":{"line":21,"column":51},"end":{"line":21,"column":52}},"loc":{"start":{"line":21,"column":58},"end":{"line":28,"column":29}},"line":21},"5":{"name":"(anonymous_5)","decl":{"start":{"line":26,"column":72},"end":{"line":26,"column":73}},"loc":{"start":{"line":26,"column":77},"end":{"line":26,"column":112}},"line":26},"6":{"name":"(anonymous_6)","decl":{"start":{"line":32,"column":27},"end":{"line":32,"column":28}},"loc":{"start":{"line":32,"column":33},"end":{"line":48,"column":21}},"line":32},"7":{"name":"(anonymous_7)","decl":{"start":{"line":33,"column":26},"end":{"line":33,"column":27}},"loc":{"start":{"line":33,"column":33},"end":{"line":33,"column":43}},"line":33},"8":{"name":"(anonymous_8)","decl":{"start":{"line":34,"column":26},"end":{"line":34,"column":27}},"loc":{"start":{"line":34,"column":33},"end":{"line":47,"column":25}},"line":34},"9":{"name":"(anonymous_9)","decl":{"start":{"line":37,"column":56},"end":{"line":37,"column":57}},"loc":{"start":{"line":37,"column":63},"end":{"line":37,"column":89}},"line":37},"10":{"name":"(anonymous_10)","decl":{"start":{"line":38,"column":51},"end":{"line":38,"column":52}},"loc":{"start":{"line":38,"column":58},"end":{"line":44,"column":29}},"line":38},"11":{"name":"(anonymous_11)","decl":{"start":{"line":48,"column":28},"end":{"line":48,"column":29}},"loc":{"start":{"line":48,"column":34},"end":{"line":48,"column":43}},"line":48},"12":{"name":"(anonymous_12)","decl":{"start":{"line":51,"column":25},"end":{"line":51,"column":26}},"loc":{"start":{"line":51,"column":31},"end":{"line":54,"column":9}},"line":51},"13":{"name":"(anonymous_13)","decl":{"start":{"line":54,"column":16},"end":{"line":54,"column":17}},"loc":{"start":{"line":54,"column":22},"end":{"line":59,"column":9}},"line":54},"14":{"name":"(anonymous_14)","decl":{"start":{"line":62,"column":4},"end":{"line":62,"column":5}},"loc":{"start":{"line":62,"column":13},"end":{"line":81,"column":5}},"line":62},"15":{"name":"(anonymous_15)","decl":{"start":{"line":83,"column":4},"end":{"line":83,"column":5}},"loc":{"start":{"line":83,"column":21},"end":{"line":91,"column":5}},"line":83},"16":{"name":"(anonymous_16)","decl":{"start":{"line":94,"column":24},"end":{"line":94,"column":25}},"loc":{"start":{"line":94,"column":36},"end":{"line":98,"column":1}},"line":94},"17":{"name":"(anonymous_17)","decl":{"start":{"line":100,"column":27},"end":{"line":100,"column":28}},"loc":{"start":{"line":100,"column":41},"end":{"line":106,"column":1}},"line":100},"18":{"name":"(anonymous_18)","decl":{"start":{"line":102,"column":18},"end":{"line":102,"column":19}},"loc":{"start":{"line":102,"column":32},"end":{"line":102,"column":60}},"line":102},"19":{"name":"(anonymous_19)","decl":{"start":{"line":103,"column":18},"end":{"line":103,"column":19}},"loc":{"start":{"line":103,"column":29},"end":{"line":103,"column":54}},"line":103},"20":{"name":"(anonymous_20)","decl":{"start":{"line":104,"column":15},"end":{"line":104,"column":16}},"loc":{"start":{"line":104,"column":37},"end":{"line":104,"column":70}},"line":104}},"branchMap":{"0":{"loc":{"start":{"line":14,"column":12},"end":{"line":49,"column":13}},"type":"if","locations":[{"start":{"line":14,"column":12},"end":{"line":49,"column":13}},{"start":{"line":14,"column":12},"end":{"line":49,"column":13}}],"line":14},"1":{"loc":{"start":{"line":14,"column":16},"end":{"line":14,"column":96}},"type":"binary-expr","locations":[{"start":{"line":14,"column":16},"end":{"line":14,"column":54}},{"start":{"line":14,"column":58},"end":{"line":14,"column":96}}],"line":14},"2":{"loc":{"start":{"line":55,"column":12},"end":{"line":58,"column":13}},"type":"if","locations":[{"start":{"line":55,"column":12},"end":{"line":58,"column":13}},{"start":{"line":55,"column":12},"end":{"line":58,"column":13}}],"line":55},"3":{"loc":{"start":{"line":67,"column":25},"end":{"line":67,"column":80}},"type":"cond-expr","locations":[{"start":{"line":67,"column":50},"end":{"line":67,"column":57}},{"start":{"line":67,"column":60},"end":{"line":67,"column":80}}],"line":67},"4":{"loc":{"start":{"line":70,"column":25},"end":{"line":70,"column":83}},"type":"cond-expr","locations":[{"start":{"line":70,"column":50},"end":{"line":70,"column":60}},{"start":{"line":70,"column":63},"end":{"line":70,"column":83}}],"line":70},"5":{"loc":{"start":{"line":73,"column":25},"end":{"line":73,"column":87}},"type":"cond-expr","locations":[{"start":{"line":73,"column":50},"end":{"line":73,"column":74}},{"start":{"line":73,"column":77},"end":{"line":73,"column":87}}],"line":73},"6":{"loc":{"start":{"line":76,"column":25},"end":{"line":76,"column":70}},"type":"cond-expr","locations":[{"start":{"line":76,"column":50},"end":{"line":76,"column":57}},{"start":{"line":76,"column":60},"end":{"line":76,"column":70}}],"line":76}},"s":{"0":0,"1":0,"2":0,"3":0,"4":0,"5":0,"6":0,"7":0,"8":0,"9":0,"10":0,"11":0,"12":0,"13":0,"14":0,"15":0,"16":0,"17":0,"18":0,"19":0,"20":0,"21":0,"22":0,"23":0,"24":0,"25":0,"26":0,"27":0,"28":0,"29":1,"30":0,"31":1,"32":0,"33":0,"34":0,"35":0},"f":{"0":0,"1":0,"2":0,"3":0,"4":0,"5":0,"6":0,"7":0,"8":0,"9":0,"10":0,"11":0,"12":0,"13":0,"14":0,"15":0,"16":0,"17":0,"18":0,"19":0,"20":0},"b":{"0":[0,0],"1":[0,0],"2":[0,0],"3":[0,0],"4":[0,0],"5":[0,0],"6":[0,0]},"_coverageSchema":"1a1c01bbd47fc00a2c39e90264f33305004495a9","hash":"2761defd1b8ba00e55f7313c943e72a525093f5f"}
,"/Users/lhhsieh/Desktop/531/hw5-jesus255221/src/action.js": {"path":"/Users/lhhsieh/Desktop/531/hw5-jesus255221/src/action.js","statementMap":{"0":{"start":{"line":1,"column":21},"end":{"line":1,"column":28}},"1":{"start":{"line":2,"column":24},"end":{"line":2,"column":34}},"2":{"start":{"line":3,"column":24},"end":{"line":3,"column":34}},"3":{"start":{"line":4,"column":24},"end":{"line":4,"column":34}},"4":{"start":{"line":5,"column":23},"end":{"line":5,"column":32}},"5":{"start":{"line":6,"column":26},"end":{"line":6,"column":38}},"6":{"start":{"line":7,"column":22},"end":{"line":7,"column":30}},"7":{"start":{"line":8,"column":28},"end":{"line":8,"column":42}},"8":{"start":{"line":9,"column":27},"end":{"line":9,"column":40}},"9":{"start":{"line":10,"column":22},"end":{"line":10,"column":30}},"10":{"start":{"line":11,"column":24},"end":{"line":11,"column":34}},"11":{"start":{"line":18,"column":4},"end":{"line":18,"column":48}},"12":{"start":{"line":22,"column":4},"end":{"line":22,"column":25}},"13":{"start":{"line":26,"column":4},"end":{"line":26,"column":33}},"14":{"start":{"line":30,"column":4},"end":{"line":30,"column":34}},"15":{"start":{"line":34,"column":4},"end":{"line":34,"column":34}},"16":{"start":{"line":38,"column":4},"end":{"line":38,"column":32}},"17":{"start":{"line":42,"column":4},"end":{"line":42,"column":35}},"18":{"start":{"line":46,"column":4},"end":{"line":46,"column":39}},"19":{"start":{"line":50,"column":4},"end":{"line":50,"column":37}},"20":{"start":{"line":54,"column":4},"end":{"line":54,"column":31}},"21":{"start":{"line":58,"column":4},"end":{"line":58,"column":35}}},"fnMap":{"0":{"name":"login","decl":{"start":{"line":17,"column":16},"end":{"line":17,"column":21}},"loc":{"start":{"line":17,"column":46},"end":{"line":19,"column":1}},"line":17},"1":{"name":"logout","decl":{"start":{"line":21,"column":16},"end":{"line":21,"column":22}},"loc":{"start":{"line":21,"column":25},"end":{"line":23,"column":1}},"line":21},"2":{"name":"register","decl":{"start":{"line":25,"column":16},"end":{"line":25,"column":24}},"loc":{"start":{"line":25,"column":31},"end":{"line":27,"column":1}},"line":25},"3":{"name":"userInit","decl":{"start":{"line":29,"column":16},"end":{"line":29,"column":24}},"loc":{"start":{"line":29,"column":32},"end":{"line":31,"column":1}},"line":29},"4":{"name":"postInit","decl":{"start":{"line":33,"column":16},"end":{"line":33,"column":24}},"loc":{"start":{"line":33,"column":32},"end":{"line":35,"column":1}},"line":33},"5":{"name":"addPost","decl":{"start":{"line":37,"column":16},"end":{"line":37,"column":23}},"loc":{"start":{"line":37,"column":30},"end":{"line":39,"column":1}},"line":37},"6":{"name":"updateInfo","decl":{"start":{"line":41,"column":16},"end":{"line":41,"column":26}},"loc":{"start":{"line":41,"column":33},"end":{"line":43,"column":1}},"line":41},"7":{"name":"updateStatus","decl":{"start":{"line":45,"column":16},"end":{"line":45,"column":28}},"loc":{"start":{"line":45,"column":37},"end":{"line":47,"column":1}},"line":45},"8":{"name":"updateQuery","decl":{"start":{"line":49,"column":16},"end":{"line":49,"column":27}},"loc":{"start":{"line":49,"column":35},"end":{"line":51,"column":1}},"line":49},"9":{"name":"follow","decl":{"start":{"line":53,"column":16},"end":{"line":53,"column":22}},"loc":{"start":{"line":53,"column":29},"end":{"line":55,"column":1}},"line":53},"10":{"name":"unfollow","decl":{"start":{"line":57,"column":16},"end":{"line":57,"column":24}},"loc":{"start":{"line":57,"column":33},"end":{"line":59,"column":1}},"line":57}},"branchMap":{},"s":{"0":1,"1":1,"2":1,"3":1,"4":1,"5":1,"6":1,"7":1,"8":1,"9":1,"10":1,"11":2,"12":1,"13":2,"14":1,"15":1,"16":1,"17":1,"18":1,"19":1,"20":1,"21":1},"f":{"0":2,"1":1,"2":2,"3":1,"4":1,"5":1,"6":1,"7":1,"8":1,"9":1,"10":1},"b":{},"_coverageSchema":"1a1c01bbd47fc00a2c39e90264f33305004495a9","hash":"4407dd30e960128dc07a2867b7c6ba60bbcd5033"}
,"/Users/lhhsieh/Desktop/531/hw5-jesus255221/src/index.js": {"path":"/Users/lhhsieh/Desktop/531/hw5-jesus255221/src/index.js","statementMap":{"0":{"start":{"line":12,"column":14},"end":{"line":12,"column":38}},"1":{"start":{"line":14,"column":0},"end":{"line":21,"column":2}},"2":{"start":{"line":26,"column":0},"end":{"line":26,"column":18}}},"fnMap":{},"branchMap":{},"s":{"0":0,"1":0,"2":0},"f":{},"b":{}}
,"/Users/lhhsieh/Desktop/531/hw5-jesus255221/src/reducers.js": {"path":"/Users/lhhsieh/Desktop/531/hw5-jesus255221/src/reducers.js","statementMap":{"0":{"start":{"line":14,"column":21},"end":{"line":22,"column":1}},"1":{"start":{"line":26,"column":4},"end":{"line":211,"column":5}},"2":{"start":{"line":29,"column":12},"end":{"line":35,"column":13}},"3":{"start":{"line":29,"column":25},"end":{"line":29,"column":26}},"4":{"start":{"line":30,"column":16},"end":{"line":34,"column":17}},"5":{"start":{"line":31,"column":20},"end":{"line":31,"column":44}},"6":{"start":{"line":32,"column":20},"end":{"line":32,"column":38}},"7":{"start":{"line":33,"column":20},"end":{"line":33,"column":25}},"8":{"start":{"line":36,"column":12},"end":{"line":54,"column":13}},"9":{"start":{"line":37,"column":16},"end":{"line":41,"column":17}},"10":{"start":{"line":44,"column":16},"end":{"line":44,"column":66}},"11":{"start":{"line":45,"column":16},"end":{"line":45,"column":59}},"12":{"start":{"line":46,"column":16},"end":{"line":53,"column":17}},"13":{"start":{"line":52,"column":39},"end":{"line":52,"column":104}},"14":{"start":{"line":56,"column":22},"end":{"line":56,"column":85}},"15":{"start":{"line":57,"column":25},"end":{"line":59,"column":38}},"16":{"start":{"line":60,"column":26},"end":{"line":60,"column":95}},"17":{"start":{"line":61,"column":25},"end":{"line":61,"column":27}},"18":{"start":{"line":62,"column":12},"end":{"line":92,"column":13}},"19":{"start":{"line":62,"column":25},"end":{"line":62,"column":26}},"20":{"start":{"line":63,"column":16},"end":{"line":91,"column":17}},"21":{"start":{"line":64,"column":20},"end":{"line":67,"column":21}},"22":{"start":{"line":65,"column":24},"end":{"line":65,"column":84}},"23":{"start":{"line":66,"column":24},"end":{"line":66,"column":30}},"24":{"start":{"line":68,"column":23},"end":{"line":91,"column":17}},"25":{"start":{"line":69,"column":30},"end":{"line":69,"column":49}},"26":{"start":{"line":70,"column":20},"end":{"line":73,"column":21}},"27":{"start":{"line":71,"column":24},"end":{"line":71,"column":60}},"28":{"start":{"line":72,"column":24},"end":{"line":72,"column":29}},"29":{"start":{"line":74,"column":35},"end":{"line":74,"column":61}},"30":{"start":{"line":75,"column":34},"end":{"line":75,"column":52}},"31":{"start":{"line":76,"column":30},"end":{"line":76,"column":71}},"32":{"start":{"line":77,"column":20},"end":{"line":80,"column":21}},"33":{"start":{"line":78,"column":24},"end":{"line":78,"column":55}},"34":{"start":{"line":79,"column":24},"end":{"line":79,"column":29}},"35":{"start":{"line":82,"column":30},"end":{"line":82,"column":49}},"36":{"start":{"line":83,"column":20},"end":{"line":90,"column":21}},"37":{"start":{"line":84,"column":24},"end":{"line":84,"column":66}},"38":{"start":{"line":85,"column":24},"end":{"line":85,"column":30}},"39":{"start":{"line":87,"column":25},"end":{"line":90,"column":21}},"40":{"start":{"line":87,"column":81},"end":{"line":87,"column":116}},"41":{"start":{"line":88,"column":24},"end":{"line":88,"column":54}},"42":{"start":{"line":89,"column":24},"end":{"line":89,"column":29}},"43":{"start":{"line":94,"column":12},"end":{"line":130,"column":13}},"44":{"start":{"line":95,"column":28},"end":{"line":95,"column":53}},"45":{"start":{"line":96,"column":30},"end":{"line":101,"column":17}},"46":{"start":{"line":100,"column":61},"end":{"line":100,"column":92}},"47":{"start":{"line":102,"column":31},"end":{"line":110,"column":35}},"48":{"start":{"line":103,"column":20},"end":{"line":109,"column":21}},"49":{"start":{"line":111,"column":16},"end":{"line":111,"column":69}},"50":{"start":{"line":112,"column":16},"end":{"line":112,"column":59}},"51":{"start":{"line":113,"column":16},"end":{"line":113,"column":91}},"52":{"start":{"line":114,"column":16},"end":{"line":114,"column":71}},"53":{"start":{"line":115,"column":16},"end":{"line":123,"column":17}},"54":{"start":{"line":122,"column":39},"end":{"line":122,"column":110}},"55":{"start":{"line":126,"column":16},"end":{"line":129,"column":17}},"56":{"start":{"line":132,"column":12},"end":{"line":137,"column":13}},"57":{"start":{"line":139,"column":12},"end":{"line":142,"column":13}},"58":{"start":{"line":144,"column":12},"end":{"line":144,"column":88}},"59":{"start":{"line":145,"column":12},"end":{"line":151,"column":13}},"60":{"start":{"line":149,"column":35},"end":{"line":149,"column":112}},"61":{"start":{"line":153,"column":12},"end":{"line":156,"column":13}},"62":{"start":{"line":158,"column":30},"end":{"line":158,"column":49}},"63":{"start":{"line":159,"column":12},"end":{"line":159,"column":55}},"64":{"start":{"line":160,"column":12},"end":{"line":160,"column":44}},"65":{"start":{"line":161,"column":12},"end":{"line":161,"column":56}},"66":{"start":{"line":162,"column":12},"end":{"line":167,"column":13}},"67":{"start":{"line":169,"column":12},"end":{"line":172,"column":13}},"68":{"start":{"line":174,"column":24},"end":{"line":176,"column":13}},"69":{"start":{"line":175,"column":16},"end":{"line":175,"column":89}},"70":{"start":{"line":177,"column":12},"end":{"line":182,"column":13}},"71":{"start":{"line":180,"column":35},"end":{"line":180,"column":112}},"72":{"start":{"line":184,"column":31},"end":{"line":184,"column":56}},"73":{"start":{"line":185,"column":12},"end":{"line":187,"column":13}},"74":{"start":{"line":186,"column":16},"end":{"line":186,"column":46}},"75":{"start":{"line":188,"column":12},"end":{"line":194,"column":13}},"76":{"start":{"line":192,"column":35},"end":{"line":192,"column":104}},"77":{"start":{"line":197,"column":31},"end":{"line":197,"column":143}},"78":{"start":{"line":197,"column":71},"end":{"line":197,"column":142}},"79":{"start":{"line":198,"column":12},"end":{"line":207,"column":13}},"80":{"start":{"line":205,"column":35},"end":{"line":205,"column":104}},"81":{"start":{"line":210,"column":12},"end":{"line":210,"column":24}},"82":{"start":{"line":215,"column":22},"end":{"line":215,"column":32}},"83":{"start":{"line":216,"column":4},"end":{"line":221,"column":35}}},"fnMap":{"0":{"name":"RiceBookApp","decl":{"start":{"line":24,"column":16},"end":{"line":24,"column":27}},"loc":{"start":{"line":24,"column":58},"end":{"line":212,"column":1}},"line":24},"1":{"name":"(anonymous_1)","decl":{"start":{"line":52,"column":32},"end":{"line":52,"column":33}},"loc":{"start":{"line":52,"column":39},"end":{"line":52,"column":104}},"line":52},"2":{"name":"(anonymous_2)","decl":{"start":{"line":87,"column":74},"end":{"line":87,"column":75}},"loc":{"start":{"line":87,"column":81},"end":{"line":87,"column":116}},"line":87},"3":{"name":"(anonymous_3)","decl":{"start":{"line":100,"column":56},"end":{"line":100,"column":57}},"loc":{"start":{"line":100,"column":61},"end":{"line":100,"column":92}},"line":100},"4":{"name":"(anonymous_4)","decl":{"start":{"line":102,"column":64},"end":{"line":102,"column":65}},"loc":{"start":{"line":102,"column":78},"end":{"line":110,"column":17}},"line":102},"5":{"name":"(anonymous_5)","decl":{"start":{"line":122,"column":32},"end":{"line":122,"column":33}},"loc":{"start":{"line":122,"column":39},"end":{"line":122,"column":110}},"line":122},"6":{"name":"(anonymous_6)","decl":{"start":{"line":149,"column":28},"end":{"line":149,"column":29}},"loc":{"start":{"line":149,"column":35},"end":{"line":149,"column":112}},"line":149},"7":{"name":"(anonymous_7)","decl":{"start":{"line":174,"column":24},"end":{"line":174,"column":25}},"loc":{"start":{"line":174,"column":31},"end":{"line":176,"column":13}},"line":174},"8":{"name":"(anonymous_8)","decl":{"start":{"line":180,"column":28},"end":{"line":180,"column":29}},"loc":{"start":{"line":180,"column":35},"end":{"line":180,"column":112}},"line":180},"9":{"name":"(anonymous_9)","decl":{"start":{"line":192,"column":28},"end":{"line":192,"column":29}},"loc":{"start":{"line":192,"column":35},"end":{"line":192,"column":104}},"line":192},"10":{"name":"(anonymous_10)","decl":{"start":{"line":197,"column":64},"end":{"line":197,"column":65}},"loc":{"start":{"line":197,"column":71},"end":{"line":197,"column":142}},"line":197},"11":{"name":"(anonymous_11)","decl":{"start":{"line":205,"column":28},"end":{"line":205,"column":29}},"loc":{"start":{"line":205,"column":35},"end":{"line":205,"column":104}},"line":205},"12":{"name":"getCurrentTime","decl":{"start":{"line":214,"column":9},"end":{"line":214,"column":23}},"loc":{"start":{"line":214,"column":26},"end":{"line":222,"column":1}},"line":214}},"branchMap":{"0":{"loc":{"start":{"line":24,"column":28},"end":{"line":24,"column":48}},"type":"default-arg","locations":[{"start":{"line":24,"column":36},"end":{"line":24,"column":48}}],"line":24},"1":{"loc":{"start":{"line":26,"column":4},"end":{"line":211,"column":5}},"type":"switch","locations":[{"start":{"line":27,"column":8},"end":{"line":54,"column":13}},{"start":{"line":55,"column":8},"end":{"line":130,"column":13}},{"start":{"line":131,"column":8},"end":{"line":137,"column":13}},{"start":{"line":138,"column":8},"end":{"line":142,"column":13}},{"start":{"line":143,"column":8},"end":{"line":151,"column":13}},{"start":{"line":152,"column":8},"end":{"line":156,"column":13}},{"start":{"line":157,"column":8},"end":{"line":167,"column":13}},{"start":{"line":168,"column":8},"end":{"line":172,"column":13}},{"start":{"line":173,"column":8},"end":{"line":182,"column":13}},{"start":{"line":183,"column":8},"end":{"line":195,"column":9}},{"start":{"line":196,"column":8},"end":{"line":208,"column":9}},{"start":{"line":209,"column":8},"end":{"line":210,"column":24}}],"line":26},"2":{"loc":{"start":{"line":30,"column":16},"end":{"line":34,"column":17}},"type":"if","locations":[{"start":{"line":30,"column":16},"end":{"line":34,"column":17}},{"start":{"line":30,"column":16},"end":{"line":34,"column":17}}],"line":30},"3":{"loc":{"start":{"line":30,"column":20},"end":{"line":30,"column":118}},"type":"binary-expr","locations":[{"start":{"line":30,"column":20},"end":{"line":30,"column":67}},{"start":{"line":30,"column":71},"end":{"line":30,"column":118}}],"line":30},"4":{"loc":{"start":{"line":36,"column":12},"end":{"line":54,"column":13}},"type":"if","locations":[{"start":{"line":36,"column":12},"end":{"line":54,"column":13}},{"start":{"line":36,"column":12},"end":{"line":54,"column":13}}],"line":36},"5":{"loc":{"start":{"line":52,"column":39},"end":{"line":52,"column":104}},"type":"binary-expr","locations":[{"start":{"line":52,"column":39},"end":{"line":52,"column":59}},{"start":{"line":52,"column":63},"end":{"line":52,"column":104}}],"line":52},"6":{"loc":{"start":{"line":63,"column":16},"end":{"line":91,"column":17}},"type":"if","locations":[{"start":{"line":63,"column":16},"end":{"line":91,"column":17}},{"start":{"line":63,"column":16},"end":{"line":91,"column":17}}],"line":63},"7":{"loc":{"start":{"line":64,"column":20},"end":{"line":67,"column":21}},"type":"if","locations":[{"start":{"line":64,"column":20},"end":{"line":67,"column":21}},{"start":{"line":64,"column":20},"end":{"line":67,"column":21}}],"line":64},"8":{"loc":{"start":{"line":68,"column":23},"end":{"line":91,"column":17}},"type":"if","locations":[{"start":{"line":68,"column":23},"end":{"line":91,"column":17}},{"start":{"line":68,"column":23},"end":{"line":91,"column":17}}],"line":68},"9":{"loc":{"start":{"line":70,"column":20},"end":{"line":73,"column":21}},"type":"if","locations":[{"start":{"line":70,"column":20},"end":{"line":73,"column":21}},{"start":{"line":70,"column":20},"end":{"line":73,"column":21}}],"line":70},"10":{"loc":{"start":{"line":77,"column":20},"end":{"line":80,"column":21}},"type":"if","locations":[{"start":{"line":77,"column":20},"end":{"line":80,"column":21}},{"start":{"line":77,"column":20},"end":{"line":80,"column":21}}],"line":77},"11":{"loc":{"start":{"line":83,"column":20},"end":{"line":90,"column":21}},"type":"if","locations":[{"start":{"line":83,"column":20},"end":{"line":90,"column":21}},{"start":{"line":83,"column":20},"end":{"line":90,"column":21}}],"line":83},"12":{"loc":{"start":{"line":83,"column":24},"end":{"line":83,"column":76}},"type":"binary-expr","locations":[{"start":{"line":83,"column":24},"end":{"line":83,"column":34}},{"start":{"line":83,"column":38},"end":{"line":83,"column":76}}],"line":83},"13":{"loc":{"start":{"line":87,"column":25},"end":{"line":90,"column":21}},"type":"if","locations":[{"start":{"line":87,"column":25},"end":{"line":90,"column":21}},{"start":{"line":87,"column":25},"end":{"line":90,"column":21}}],"line":87},"14":{"loc":{"start":{"line":87,"column":29},"end":{"line":87,"column":117}},"type":"binary-expr","locations":[{"start":{"line":87,"column":29},"end":{"line":87,"column":50}},{"start":{"line":87,"column":54},"end":{"line":87,"column":117}}],"line":87},"15":{"loc":{"start":{"line":94,"column":12},"end":{"line":130,"column":13}},"type":"if","locations":[{"start":{"line":94,"column":12},"end":{"line":130,"column":13}},{"start":{"line":94,"column":12},"end":{"line":130,"column":13}}],"line":94},"16":{"loc":{"start":{"line":122,"column":39},"end":{"line":122,"column":110}},"type":"binary-expr","locations":[{"start":{"line":122,"column":39},"end":{"line":122,"column":62}},{"start":{"line":122,"column":66},"end":{"line":122,"column":110}}],"line":122},"17":{"loc":{"start":{"line":149,"column":35},"end":{"line":149,"column":112}},"type":"binary-expr","locations":[{"start":{"line":149,"column":35},"end":{"line":149,"column":61}},{"start":{"line":149,"column":65},"end":{"line":149,"column":112}}],"line":149},"18":{"loc":{"start":{"line":175,"column":23},"end":{"line":175,"column":89}},"type":"binary-expr","locations":[{"start":{"line":175,"column":23},"end":{"line":175,"column":56}},{"start":{"line":175,"column":60},"end":{"line":175,"column":89}}],"line":175},"19":{"loc":{"start":{"line":180,"column":35},"end":{"line":180,"column":112}},"type":"binary-expr","locations":[{"start":{"line":180,"column":35},"end":{"line":180,"column":61}},{"start":{"line":180,"column":65},"end":{"line":180,"column":112}}],"line":180},"20":{"loc":{"start":{"line":185,"column":12},"end":{"line":187,"column":13}},"type":"if","locations":[{"start":{"line":185,"column":12},"end":{"line":187,"column":13}},{"start":{"line":185,"column":12},"end":{"line":187,"column":13}}],"line":185},"21":{"loc":{"start":{"line":192,"column":35},"end":{"line":192,"column":104}},"type":"binary-expr","locations":[{"start":{"line":192,"column":35},"end":{"line":192,"column":61}},{"start":{"line":192,"column":65},"end":{"line":192,"column":104}}],"line":192},"22":{"loc":{"start":{"line":197,"column":71},"end":{"line":197,"column":142}},"type":"binary-expr","locations":[{"start":{"line":197,"column":71},"end":{"line":197,"column":98}},{"start":{"line":197,"column":102},"end":{"line":197,"column":142}}],"line":197},"23":{"loc":{"start":{"line":205,"column":35},"end":{"line":205,"column":104}},"type":"binary-expr","locations":[{"start":{"line":205,"column":35},"end":{"line":205,"column":61}},{"start":{"line":205,"column":65},"end":{"line":205,"column":104}}],"line":205}},"s":{"0":1,"1":14,"2":2,"3":2,"4":11,"5":1,"6":1,"7":1,"8":2,"9":1,"10":1,"11":1,"12":1,"13":100,"14":2,"15":2,"16":2,"17":2,"18":2,"19":2,"20":7,"21":1,"22":0,"23":0,"24":6,"25":1,"26":1,"27":0,"28":0,"29":1,"30":1,"31":1,"32":1,"33":0,"34":0,"35":5,"36":5,"37":0,"38":0,"39":5,"40":21,"41":1,"42":1,"43":2,"44":1,"45":1,"46":3,"47":1,"48":10,"49":1,"50":1,"51":1,"52":1,"53":1,"54":111,"55":1,"56":1,"57":1,"58":1,"59":1,"60":101,"61":1,"62":1,"63":1,"64":1,"65":1,"66":1,"67":1,"68":1,"69":41,"70":1,"71":101,"72":1,"73":1,"74":1,"75":1,"76":101,"77":1,"78":4,"79":1,"80":101,"81":1,"82":10,"83":10},"f":{"0":14,"1":100,"2":21,"3":3,"4":10,"5":111,"6":101,"7":41,"8":101,"9":101,"10":4,"11":101,"12":10},"b":{"0":[2],"1":[2,2,1,1,1,1,1,1,1,1,1,1],"2":[1,10],"3":[11,1],"4":[1,1],"5":[100,90],"6":[1,6],"7":[0,1],"8":[1,5],"9":[0,1],"10":[0,1],"11":[0,5],"12":[5,5],"13":[1,4],"14":[5,2],"15":[1,1],"16":[111,101],"17":[101,90],"18":[41,41],"19":[101,90],"20":[1,0],"21":[101,90],"22":[4,3],"23":[101,90]},"_coverageSchema":"1a1c01bbd47fc00a2c39e90264f33305004495a9","hash":"eaf00f8ddb3ee5c66491f61baf7717251b7ebabd"}
,"/Users/lhhsieh/Desktop/531/hw5-jesus255221/src/reportWebVitals.js": {"path":"/Users/lhhsieh/Desktop/531/hw5-jesus255221/src/reportWebVitals.js","statementMap":{"0":{"start":{"line":1,"column":24},"end":{"line":11,"column":1}},"1":{"start":{"line":2,"column":2},"end":{"line":10,"column":3}},"2":{"start":{"line":3,"column":4},"end":{"line":9,"column":7}},"3":{"start":{"line":4,"column":6},"end":{"line":4,"column":26}},"4":{"start":{"line":5,"column":6},"end":{"line":5,"column":26}},"5":{"start":{"line":6,"column":6},"end":{"line":6,"column":26}},"6":{"start":{"line":7,"column":6},"end":{"line":7,"column":26}},"7":{"start":{"line":8,"column":6},"end":{"line":8,"column":27}}},"fnMap":{"0":{"name":"(anonymous_0)","decl":{"start":{"line":1,"column":24},"end":{"line":1,"column":25}},"loc":{"start":{"line":1,"column":39},"end":{"line":11,"column":1}},"line":1},"1":{"name":"(anonymous_1)","decl":{"start":{"line":3,"column":30},"end":{"line":3,"column":31}},"loc":{"start":{"line":3,"column":79},"end":{"line":9,"column":5}},"line":3}},"branchMap":{"0":{"loc":{"start":{"line":2,"column":2},"end":{"line":10,"column":3}},"type":"if","locations":[{"start":{"line":2,"column":2},"end":{"line":10,"column":3}},{"start":{"line":2,"column":2},"end":{"line":10,"column":3}}],"line":2},"1":{"loc":{"start":{"line":2,"column":6},"end":{"line":2,"column":52}},"type":"binary-expr","locations":[{"start":{"line":2,"column":6},"end":{"line":2,"column":17}},{"start":{"line":2,"column":21},"end":{"line":2,"column":52}}],"line":2}},"s":{"0":0,"1":0,"2":0,"3":0,"4":0,"5":0,"6":0,"7":0},"f":{"0":0,"1":0},"b":{"0":[0,0],"1":[0,0]}}
,"/Users/lhhsieh/Desktop/531/hw5-jesus255221/src/components/FormInput/index.js": {"path":"/Users/lhhsieh/Desktop/531/hw5-jesus255221/src/components/FormInput/index.js","statementMap":{"0":{"start":{"line":7,"column":8},"end":{"line":7,"column":21}},"1":{"start":{"line":11,"column":8},"end":{"line":25,"column":17}},"2":{"start":{"line":21,"column":43},"end":{"line":21,"column":86}}},"fnMap":{"0":{"name":"(anonymous_0)","decl":{"start":{"line":6,"column":4},"end":{"line":6,"column":5}},"loc":{"start":{"line":6,"column":23},"end":{"line":8,"column":5}},"line":6},"1":{"name":"(anonymous_1)","decl":{"start":{"line":10,"column":4},"end":{"line":10,"column":5}},"loc":{"start":{"line":10,"column":13},"end":{"line":26,"column":5}},"line":10},"2":{"name":"(anonymous_2)","decl":{"start":{"line":21,"column":34},"end":{"line":21,"column":35}},"loc":{"start":{"line":21,"column":43},"end":{"line":21,"column":86}},"line":21}},"branchMap":{"0":{"loc":{"start":{"line":14,"column":51},"end":{"line":14,"column":88}},"type":"binary-expr","locations":[{"start":{"line":14,"column":51},"end":{"line":14,"column":70}},{"start":{"line":14,"column":74},"end":{"line":14,"column":88}}],"line":14},"1":{"loc":{"start":{"line":18,"column":37},"end":{"line":18,"column":103}},"type":"cond-expr","locations":[{"start":{"line":18,"column":62},"end":{"line":18,"column":84}},{"start":{"line":18,"column":87},"end":{"line":18,"column":103}}],"line":18}},"s":{"0":5,"1":5,"2":0},"f":{"0":5,"1":5,"2":0},"b":{"0":[5,0],"1":[1,4]},"_coverageSchema":"1a1c01bbd47fc00a2c39e90264f33305004495a9","hash":"c2fdb8629ef0196097d0529b67ef752cd2419ad3"}
,"/Users/lhhsieh/Desktop/531/hw5-jesus255221/src/components/NavBar/index.js": {"path":"/Users/lhhsieh/Desktop/531/hw5-jesus255221/src/components/NavBar/index.js","statementMap":{"0":{"start":{"line":11,"column":8},"end":{"line":11,"column":20}},"1":{"start":{"line":14,"column":8},"end":{"line":35,"column":17}}},"fnMap":{"0":{"name":"(anonymous_0)","decl":{"start":{"line":10,"column":4},"end":{"line":10,"column":5}},"loc":{"start":{"line":10,"column":22},"end":{"line":12,"column":5}},"line":10},"1":{"name":"(anonymous_1)","decl":{"start":{"line":13,"column":4},"end":{"line":13,"column":5}},"loc":{"start":{"line":13,"column":13},"end":{"line":36,"column":5}},"line":13}},"branchMap":{},"s":{"0":1,"1":1},"f":{"0":1,"1":1},"b":{},"_coverageSchema":"1a1c01bbd47fc00a2c39e90264f33305004495a9","hash":"0df2ef8c8df818c9529b24ba9a55d07492ffa883"}
,"/Users/lhhsieh/Desktop/531/hw5-jesus255221/src/views/Landing/Login.js": {"path":"/Users/lhhsieh/Desktop/531/hw5-jesus255221/src/views/Landing/Login.js","statementMap":{"0":{"start":{"line":11,"column":8},"end":{"line":11,"column":21}},"1":{"start":{"line":12,"column":8},"end":{"line":17,"column":9}},"2":{"start":{"line":18,"column":8},"end":{"line":18,"column":56}},"3":{"start":{"line":19,"column":8},"end":{"line":19,"column":56}},"4":{"start":{"line":23,"column":8},"end":{"line":23,"column":45}},"5":{"start":{"line":24,"column":8},"end":{"line":47,"column":10}},"6":{"start":{"line":51,"column":8},"end":{"line":53,"column":11}},"7":{"start":{"line":57,"column":8},"end":{"line":57,"column":29}},"8":{"start":{"line":58,"column":8},"end":{"line":58,"column":70}},"9":{"start":{"line":63,"column":24},"end":{"line":68,"column":1}},"10":{"start":{"line":64,"column":4},"end":{"line":67,"column":5}},"11":{"start":{"line":70,"column":27},"end":{"line":74,"column":1}},"12":{"start":{"line":71,"column":4},"end":{"line":73,"column":5}},"13":{"start":{"line":72,"column":39},"end":{"line":72,"column":74}}},"fnMap":{"0":{"name":"(anonymous_0)","decl":{"start":{"line":10,"column":4},"end":{"line":10,"column":5}},"loc":{"start":{"line":10,"column":23},"end":{"line":20,"column":5}},"line":10},"1":{"name":"(anonymous_1)","decl":{"start":{"line":22,"column":4},"end":{"line":22,"column":5}},"loc":{"start":{"line":22,"column":13},"end":{"line":48,"column":5}},"line":22},"2":{"name":"(anonymous_2)","decl":{"start":{"line":50,"column":4},"end":{"line":50,"column":5}},"loc":{"start":{"line":50,"column":28},"end":{"line":54,"column":5}},"line":50},"3":{"name":"(anonymous_3)","decl":{"start":{"line":56,"column":4},"end":{"line":56,"column":5}},"loc":{"start":{"line":56,"column":22},"end":{"line":59,"column":5}},"line":56},"4":{"name":"(anonymous_4)","decl":{"start":{"line":63,"column":24},"end":{"line":63,"column":25}},"loc":{"start":{"line":63,"column":35},"end":{"line":68,"column":1}},"line":63},"5":{"name":"(anonymous_5)","decl":{"start":{"line":70,"column":27},"end":{"line":70,"column":28}},"loc":{"start":{"line":70,"column":41},"end":{"line":74,"column":1}},"line":70},"6":{"name":"(anonymous_6)","decl":{"start":{"line":72,"column":15},"end":{"line":72,"column":16}},"loc":{"start":{"line":72,"column":39},"end":{"line":72,"column":74}},"line":72}},"branchMap":{"0":{"loc":{"start":{"line":27,"column":21},"end":{"line":29,"column":28}},"type":"binary-expr","locations":[{"start":{"line":27,"column":21},"end":{"line":27,"column":43}},{"start":{"line":27,"column":47},"end":{"line":29,"column":28}}],"line":27}},"s":{"0":0,"1":0,"2":0,"3":0,"4":0,"5":0,"6":0,"7":0,"8":0,"9":1,"10":0,"11":1,"12":0,"13":0},"f":{"0":0,"1":0,"2":0,"3":0,"4":0,"5":0,"6":0},"b":{"0":[0,0]},"_coverageSchema":"1a1c01bbd47fc00a2c39e90264f33305004495a9","hash":"7b92cdf6668e001341a5b67465e8c857362076b1"}
,"/Users/lhhsieh/Desktop/531/hw5-jesus255221/src/views/Landing/Register.js": {"path":"/Users/lhhsieh/Desktop/531/hw5-jesus255221/src/views/Landing/Register.js","statementMap":{"0":{"start":{"line":11,"column":8},"end":{"line":11,"column":21}},"1":{"start":{"line":12,"column":8},"end":{"line":32,"column":9}},"2":{"start":{"line":33,"column":8},"end":{"line":33,"column":57}},"3":{"start":{"line":34,"column":8},"end":{"line":34,"column":57}},"4":{"start":{"line":38,"column":8},"end":{"line":123,"column":10}},"5":{"start":{"line":127,"column":8},"end":{"line":129,"column":11}},"6":{"start":{"line":133,"column":8},"end":{"line":133,"column":29}},"7":{"start":{"line":134,"column":19},"end":{"line":134,"column":34}},"8":{"start":{"line":135,"column":8},"end":{"line":135,"column":26}},"9":{"start":{"line":136,"column":8},"end":{"line":136,"column":34}},"10":{"start":{"line":140,"column":26},"end":{"line":140,"column":36}},"11":{"start":{"line":141,"column":8},"end":{"line":146,"column":39}},"12":{"start":{"line":150,"column":24},"end":{"line":157,"column":1}},"13":{"start":{"line":151,"column":4},"end":{"line":156,"column":5}},"14":{"start":{"line":159,"column":27},"end":{"line":164,"column":1}},"15":{"start":{"line":160,"column":4},"end":{"line":163,"column":5}},"16":{"start":{"line":161,"column":28},"end":{"line":161,"column":52}},"17":{"start":{"line":162,"column":27},"end":{"line":162,"column":50}}},"fnMap":{"0":{"name":"(anonymous_0)","decl":{"start":{"line":10,"column":4},"end":{"line":10,"column":5}},"loc":{"start":{"line":10,"column":23},"end":{"line":35,"column":5}},"line":10},"1":{"name":"(anonymous_1)","decl":{"start":{"line":37,"column":4},"end":{"line":37,"column":5}},"loc":{"start":{"line":37,"column":13},"end":{"line":124,"column":5}},"line":37},"2":{"name":"(anonymous_2)","decl":{"start":{"line":126,"column":4},"end":{"line":126,"column":5}},"loc":{"start":{"line":126,"column":28},"end":{"line":130,"column":5}},"line":126},"3":{"name":"(anonymous_3)","decl":{"start":{"line":132,"column":4},"end":{"line":132,"column":5}},"loc":{"start":{"line":132,"column":22},"end":{"line":137,"column":5}},"line":132},"4":{"name":"(anonymous_4)","decl":{"start":{"line":139,"column":4},"end":{"line":139,"column":5}},"loc":{"start":{"line":139,"column":21},"end":{"line":147,"column":5}},"line":139},"5":{"name":"(anonymous_5)","decl":{"start":{"line":150,"column":24},"end":{"line":150,"column":25}},"loc":{"start":{"line":150,"column":35},"end":{"line":157,"column":1}},"line":150},"6":{"name":"(anonymous_6)","decl":{"start":{"line":159,"column":27},"end":{"line":159,"column":28}},"loc":{"start":{"line":159,"column":41},"end":{"line":164,"column":1}},"line":159},"7":{"name":"(anonymous_7)","decl":{"start":{"line":161,"column":18},"end":{"line":161,"column":19}},"loc":{"start":{"line":161,"column":28},"end":{"line":161,"column":52}},"line":161},"8":{"name":"(anonymous_8)","decl":{"start":{"line":162,"column":17},"end":{"line":162,"column":18}},"loc":{"start":{"line":162,"column":27},"end":{"line":162,"column":50}},"line":162}},"branchMap":{"0":{"loc":{"start":{"line":41,"column":17},"end":{"line":43,"column":24}},"type":"binary-expr","locations":[{"start":{"line":41,"column":17},"end":{"line":41,"column":44}},{"start":{"line":41,"column":48},"end":{"line":43,"column":24}}],"line":41}},"s":{"0":0,"1":0,"2":0,"3":0,"4":0,"5":0,"6":0,"7":0,"8":0,"9":0,"10":0,"11":0,"12":1,"13":0,"14":1,"15":0,"16":0,"17":0},"f":{"0":0,"1":0,"2":0,"3":0,"4":0,"5":0,"6":0,"7":0,"8":0},"b":{"0":[0,0]},"_coverageSchema":"1a1c01bbd47fc00a2c39e90264f33305004495a9","hash":"11250925e9bbdd19bf5238a976c54c1daf98a8aa"}
,"/Users/lhhsieh/Desktop/531/hw5-jesus255221/src/views/Landing/index.js": {"path":"/Users/lhhsieh/Desktop/531/hw5-jesus255221/src/views/Landing/index.js","statementMap":{"0":{"start":{"line":10,"column":8},"end":{"line":21,"column":17}},"1":{"start":{"line":25,"column":24},"end":{"line":28,"column":1}},"2":{"start":{"line":26,"column":4},"end":{"line":27,"column":5}},"3":{"start":{"line":30,"column":27},"end":{"line":34,"column":1}},"4":{"start":{"line":31,"column":4},"end":{"line":33,"column":5}}},"fnMap":{"0":{"name":"(anonymous_0)","decl":{"start":{"line":9,"column":4},"end":{"line":9,"column":5}},"loc":{"start":{"line":9,"column":13},"end":{"line":22,"column":5}},"line":9},"1":{"name":"(anonymous_1)","decl":{"start":{"line":25,"column":24},"end":{"line":25,"column":25}},"loc":{"start":{"line":25,"column":35},"end":{"line":28,"column":1}},"line":25},"2":{"name":"(anonymous_2)","decl":{"start":{"line":30,"column":27},"end":{"line":30,"column":28}},"loc":{"start":{"line":30,"column":41},"end":{"line":34,"column":1}},"line":30}},"branchMap":{},"s":{"0":0,"1":1,"2":0,"3":1,"4":0},"f":{"0":0,"1":0,"2":0},"b":{},"_coverageSchema":"1a1c01bbd47fc00a2c39e90264f33305004495a9","hash":"bb57dd29a56e22e3b710c9cd3d3c189b317edac5"}
,"/Users/lhhsieh/Desktop/531/hw5-jesus255221/src/views/Main/AddPost.js": {"path":"/Users/lhhsieh/Desktop/531/hw5-jesus255221/src/views/Main/AddPost.js","statementMap":{"0":{"start":{"line":9,"column":8},"end":{"line":9,"column":21}},"1":{"start":{"line":10,"column":8},"end":{"line":12,"column":9}},"2":{"start":{"line":13,"column":8},"end":{"line":13,"column":56}},"3":{"start":{"line":14,"column":8},"end":{"line":14,"column":56}},"4":{"start":{"line":15,"column":8},"end":{"line":15,"column":42}},"5":{"start":{"line":19,"column":8},"end":{"line":34,"column":17}},"6":{"start":{"line":38,"column":8},"end":{"line":42,"column":9}},"7":{"start":{"line":46,"column":8},"end":{"line":46,"column":28}},"8":{"start":{"line":47,"column":8},"end":{"line":52,"column":11}},"9":{"start":{"line":56,"column":8},"end":{"line":58,"column":10}},"10":{"start":{"line":62,"column":26},"end":{"line":62,"column":36}},"11":{"start":{"line":63,"column":8},"end":{"line":68,"column":39}},"12":{"start":{"line":72,"column":24},"end":{"line":74,"column":1}},"13":{"start":{"line":73,"column":4},"end":{"line":73,"column":29}},"14":{"start":{"line":76,"column":27},"end":{"line":80,"column":1}},"15":{"start":{"line":77,"column":4},"end":{"line":79,"column":5}},"16":{"start":{"line":78,"column":27},"end":{"line":78,"column":50}}},"fnMap":{"0":{"name":"(anonymous_0)","decl":{"start":{"line":8,"column":4},"end":{"line":8,"column":5}},"loc":{"start":{"line":8,"column":23},"end":{"line":16,"column":5}},"line":8},"1":{"name":"(anonymous_1)","decl":{"start":{"line":18,"column":4},"end":{"line":18,"column":5}},"loc":{"start":{"line":18,"column":13},"end":{"line":35,"column":5}},"line":18},"2":{"name":"(anonymous_2)","decl":{"start":{"line":37,"column":4},"end":{"line":37,"column":5}},"loc":{"start":{"line":37,"column":22},"end":{"line":43,"column":5}},"line":37},"3":{"name":"(anonymous_3)","decl":{"start":{"line":45,"column":4},"end":{"line":45,"column":5}},"loc":{"start":{"line":45,"column":22},"end":{"line":53,"column":5}},"line":45},"4":{"name":"(anonymous_4)","decl":{"start":{"line":55,"column":4},"end":{"line":55,"column":5}},"loc":{"start":{"line":55,"column":12},"end":{"line":59,"column":5}},"line":55},"5":{"name":"(anonymous_5)","decl":{"start":{"line":61,"column":4},"end":{"line":61,"column":5}},"loc":{"start":{"line":61,"column":21},"end":{"line":69,"column":5}},"line":61},"6":{"name":"(anonymous_6)","decl":{"start":{"line":72,"column":24},"end":{"line":72,"column":25}},"loc":{"start":{"line":72,"column":35},"end":{"line":74,"column":1}},"line":72},"7":{"name":"(anonymous_7)","decl":{"start":{"line":76,"column":27},"end":{"line":76,"column":28}},"loc":{"start":{"line":76,"column":41},"end":{"line":80,"column":1}},"line":76},"8":{"name":"(anonymous_8)","decl":{"start":{"line":78,"column":17},"end":{"line":78,"column":18}},"loc":{"start":{"line":78,"column":27},"end":{"line":78,"column":50}},"line":78}},"branchMap":{},"s":{"0":0,"1":0,"2":0,"3":0,"4":0,"5":0,"6":0,"7":0,"8":0,"9":0,"10":0,"11":0,"12":1,"13":0,"14":1,"15":0,"16":0},"f":{"0":0,"1":0,"2":0,"3":0,"4":0,"5":0,"6":0,"7":0,"8":0},"b":{},"_coverageSchema":"1a1c01bbd47fc00a2c39e90264f33305004495a9","hash":"2871772a0586918da23e088b474fbc88884d3551"}
,"/Users/lhhsieh/Desktop/531/hw5-jesus255221/src/views/Main/Post.js": {"path":"/Users/lhhsieh/Desktop/531/hw5-jesus255221/src/views/Main/Post.js","statementMap":{"0":{"start":{"line":9,"column":8},"end":{"line":32,"column":17}},"1":{"start":{"line":37,"column":24},"end":{"line":41,"column":1}},"2":{"start":{"line":38,"column":4},"end":{"line":40,"column":5}},"3":{"start":{"line":43,"column":27},"end":{"line":45,"column":1}},"4":{"start":{"line":44,"column":4},"end":{"line":44,"column":13}}},"fnMap":{"0":{"name":"(anonymous_0)","decl":{"start":{"line":7,"column":4},"end":{"line":7,"column":5}},"loc":{"start":{"line":7,"column":13},"end":{"line":33,"column":5}},"line":7},"1":{"name":"(anonymous_1)","decl":{"start":{"line":37,"column":24},"end":{"line":37,"column":25}},"loc":{"start":{"line":37,"column":35},"end":{"line":41,"column":1}},"line":37},"2":{"name":"(anonymous_2)","decl":{"start":{"line":43,"column":27},"end":{"line":43,"column":28}},"loc":{"start":{"line":43,"column":41},"end":{"line":45,"column":1}},"line":43}},"branchMap":{},"s":{"0":0,"1":1,"2":0,"3":1,"4":0},"f":{"0":0,"1":0,"2":0},"b":{},"_coverageSchema":"1a1c01bbd47fc00a2c39e90264f33305004495a9","hash":"1c0308e85d4e87a5e1169649844ac7cfd3c4e32f"}
,"/Users/lhhsieh/Desktop/531/hw5-jesus255221/src/views/Main/Posts.js": {"path":"/Users/lhhsieh/Desktop/531/hw5-jesus255221/src/views/Main/Posts.js","statementMap":{"0":{"start":{"line":9,"column":8},"end":{"line":16,"column":17}},"1":{"start":{"line":13,"column":46},"end":{"line":14,"column":59}},"2":{"start":{"line":22,"column":24},"end":{"line":26,"column":1}},"3":{"start":{"line":23,"column":4},"end":{"line":25,"column":5}},"4":{"start":{"line":28,"column":27},"end":{"line":30,"column":1}},"5":{"start":{"line":29,"column":4},"end":{"line":29,"column":13}}},"fnMap":{"0":{"name":"(anonymous_0)","decl":{"start":{"line":8,"column":4},"end":{"line":8,"column":5}},"loc":{"start":{"line":8,"column":13},"end":{"line":17,"column":5}},"line":8},"1":{"name":"(anonymous_1)","decl":{"start":{"line":13,"column":29},"end":{"line":13,"column":30}},"loc":{"start":{"line":13,"column":46},"end":{"line":14,"column":59}},"line":13},"2":{"name":"(anonymous_2)","decl":{"start":{"line":22,"column":24},"end":{"line":22,"column":25}},"loc":{"start":{"line":22,"column":35},"end":{"line":26,"column":1}},"line":22},"3":{"name":"(anonymous_3)","decl":{"start":{"line":28,"column":27},"end":{"line":28,"column":28}},"loc":{"start":{"line":28,"column":41},"end":{"line":30,"column":1}},"line":28}},"branchMap":{},"s":{"0":0,"1":0,"2":1,"3":0,"4":1,"5":0},"f":{"0":0,"1":0,"2":0,"3":0},"b":{},"_coverageSchema":"1a1c01bbd47fc00a2c39e90264f33305004495a9","hash":"1e3d9cc1ce50503527155b71371159c25135ef2b"}
,"/Users/lhhsieh/Desktop/531/hw5-jesus255221/src/views/Main/ProfileInfo.js": {"path":"/Users/lhhsieh/Desktop/531/hw5-jesus255221/src/views/Main/ProfileInfo.js","statementMap":{"0":{"start":{"line":11,"column":8},"end":{"line":11,"column":21}},"1":{"start":{"line":13,"column":8},"end":{"line":13,"column":57}},"2":{"start":{"line":14,"column":8},"end":{"line":14,"column":57}},"3":{"start":{"line":15,"column":8},"end":{"line":15,"column":61}},"4":{"start":{"line":16,"column":8},"end":{"line":16,"column":57}},"5":{"start":{"line":17,"column":8},"end":{"line":17,"column":69}},"6":{"start":{"line":19,"column":8},"end":{"line":23,"column":9}},"7":{"start":{"line":25,"column":8},"end":{"line":25,"column":41}},"8":{"start":{"line":29,"column":8},"end":{"line":103,"column":10}},"9":{"start":{"line":69,"column":51},"end":{"line":69,"column":135}},"10":{"start":{"line":71,"column":40},"end":{"line":86,"column":43}},"11":{"start":{"line":82,"column":71},"end":{"line":82,"column":96}},"12":{"start":{"line":97,"column":47},"end":{"line":97,"column":88}},"13":{"start":{"line":109,"column":8},"end":{"line":111,"column":11}},"14":{"start":{"line":116,"column":8},"end":{"line":116,"column":28}},"15":{"start":{"line":117,"column":8},"end":{"line":117,"column":33}},"16":{"start":{"line":118,"column":8},"end":{"line":118,"column":50}},"17":{"start":{"line":122,"column":8},"end":{"line":122,"column":35}},"18":{"start":{"line":126,"column":8},"end":{"line":128,"column":11}},"19":{"start":{"line":132,"column":8},"end":{"line":134,"column":9}},"20":{"start":{"line":133,"column":12},"end":{"line":133,"column":35}},"21":{"start":{"line":138,"column":24},"end":{"line":145,"column":1}},"22":{"start":{"line":139,"column":4},"end":{"line":144,"column":5}},"23":{"start":{"line":147,"column":27},"end":{"line":154,"column":1}},"24":{"start":{"line":148,"column":4},"end":{"line":153,"column":5}},"25":{"start":{"line":149,"column":22},"end":{"line":149,"column":40}},"26":{"start":{"line":150,"column":34},"end":{"line":150,"column":64}},"27":{"start":{"line":151,"column":26},"end":{"line":151,"column":48}},"28":{"start":{"line":152,"column":30},"end":{"line":152,"column":56}}},"fnMap":{"0":{"name":"(anonymous_0)","decl":{"start":{"line":10,"column":4},"end":{"line":10,"column":5}},"loc":{"start":{"line":10,"column":23},"end":{"line":26,"column":5}},"line":10},"1":{"name":"(anonymous_1)","decl":{"start":{"line":28,"column":4},"end":{"line":28,"column":5}},"loc":{"start":{"line":28,"column":13},"end":{"line":106,"column":5}},"line":28},"2":{"name":"(anonymous_2)","decl":{"start":{"line":69,"column":44},"end":{"line":69,"column":45}},"loc":{"start":{"line":69,"column":51},"end":{"line":69,"column":135}},"line":69},"3":{"name":"(anonymous_3)","decl":{"start":{"line":70,"column":41},"end":{"line":70,"column":42}},"loc":{"start":{"line":71,"column":40},"end":{"line":86,"column":43}},"line":71},"4":{"name":"(anonymous_4)","decl":{"start":{"line":82,"column":65},"end":{"line":82,"column":66}},"loc":{"start":{"line":82,"column":71},"end":{"line":82,"column":96}},"line":82},"5":{"name":"(anonymous_5)","decl":{"start":{"line":97,"column":41},"end":{"line":97,"column":42}},"loc":{"start":{"line":97,"column":47},"end":{"line":97,"column":88}},"line":97},"6":{"name":"(anonymous_6)","decl":{"start":{"line":108,"column":4},"end":{"line":108,"column":5}},"loc":{"start":{"line":108,"column":22},"end":{"line":112,"column":5}},"line":108},"7":{"name":"(anonymous_7)","decl":{"start":{"line":115,"column":4},"end":{"line":115,"column":5}},"loc":{"start":{"line":115,"column":22},"end":{"line":119,"column":5}},"line":115},"8":{"name":"(anonymous_8)","decl":{"start":{"line":121,"column":4},"end":{"line":121,"column":5}},"loc":{"start":{"line":121,"column":27},"end":{"line":123,"column":5}},"line":121},"9":{"name":"(anonymous_9)","decl":{"start":{"line":125,"column":4},"end":{"line":125,"column":5}},"loc":{"start":{"line":125,"column":28},"end":{"line":129,"column":5}},"line":125},"10":{"name":"(anonymous_10)","decl":{"start":{"line":131,"column":4},"end":{"line":131,"column":5}},"loc":{"start":{"line":131,"column":23},"end":{"line":135,"column":5}},"line":131},"11":{"name":"(anonymous_11)","decl":{"start":{"line":138,"column":24},"end":{"line":138,"column":25}},"loc":{"start":{"line":138,"column":35},"end":{"line":145,"column":1}},"line":138},"12":{"name":"(anonymous_12)","decl":{"start":{"line":147,"column":27},"end":{"line":147,"column":28}},"loc":{"start":{"line":147,"column":41},"end":{"line":154,"column":1}},"line":147},"13":{"name":"(anonymous_13)","decl":{"start":{"line":149,"column":16},"end":{"line":149,"column":17}},"loc":{"start":{"line":149,"column":22},"end":{"line":149,"column":40}},"line":149},"14":{"name":"(anonymous_14)","decl":{"start":{"line":150,"column":22},"end":{"line":150,"column":23}},"loc":{"start":{"line":150,"column":34},"end":{"line":150,"column":64}},"line":150},"15":{"name":"(anonymous_15)","decl":{"start":{"line":151,"column":16},"end":{"line":151,"column":17}},"loc":{"start":{"line":151,"column":26},"end":{"line":151,"column":48}},"line":151},"16":{"name":"(anonymous_16)","decl":{"start":{"line":152,"column":18},"end":{"line":152,"column":19}},"loc":{"start":{"line":152,"column":30},"end":{"line":152,"column":56}},"line":152}},"branchMap":{"0":{"loc":{"start":{"line":44,"column":41},"end":{"line":44,"column":118}},"type":"cond-expr","locations":[{"start":{"line":44,"column":71},"end":{"line":44,"column":95}},{"start":{"line":44,"column":98},"end":{"line":44,"column":118}}],"line":44},"1":{"loc":{"start":{"line":69,"column":51},"end":{"line":69,"column":135}},"type":"binary-expr","locations":[{"start":{"line":69,"column":51},"end":{"line":69,"column":88}},{"start":{"line":69,"column":92},"end":{"line":69,"column":135}}],"line":69},"2":{"loc":{"start":{"line":132,"column":8},"end":{"line":134,"column":9}},"type":"if","locations":[{"start":{"line":132,"column":8},"end":{"line":134,"column":9}},{"start":{"line":132,"column":8},"end":{"line":134,"column":9}}],"line":132}},"s":{"0":0,"1":0,"2":0,"3":0,"4":0,"5":0,"6":0,"7":0,"8":0,"9":0,"10":0,"11":0,"12":0,"13":0,"14":0,"15":0,"16":0,"17":0,"18":0,"19":0,"20":0,"21":1,"22":0,"23":1,"24":0,"25":0,"26":0,"27":0,"28":0},"f":{"0":0,"1":0,"2":0,"3":0,"4":0,"5":0,"6":0,"7":0,"8":0,"9":0,"10":0,"11":0,"12":0,"13":0,"14":0,"15":0,"16":0},"b":{"0":[0,0],"1":[0,0],"2":[0,0]},"_coverageSchema":"1a1c01bbd47fc00a2c39e90264f33305004495a9","hash":"67165213c5509243a0ea7a45f7b439fe2a8cc9bd"}
,"/Users/lhhsieh/Desktop/531/hw5-jesus255221/src/views/Main/SearchBar.js": {"path":"/Users/lhhsieh/Desktop/531/hw5-jesus255221/src/views/Main/SearchBar.js","statementMap":{"0":{"start":{"line":9,"column":8},"end":{"line":9,"column":21}},"1":{"start":{"line":10,"column":8},"end":{"line":10,"column":56}},"2":{"start":{"line":14,"column":8},"end":{"line":22,"column":17}},"3":{"start":{"line":26,"column":8},"end":{"line":26,"column":48}},"4":{"start":{"line":30,"column":24},"end":{"line":33,"column":1}},"5":{"start":{"line":31,"column":4},"end":{"line":32,"column":5}},"6":{"start":{"line":35,"column":27},"end":{"line":39,"column":1}},"7":{"start":{"line":36,"column":4},"end":{"line":38,"column":5}},"8":{"start":{"line":37,"column":32},"end":{"line":37,"column":60}}},"fnMap":{"0":{"name":"(anonymous_0)","decl":{"start":{"line":8,"column":4},"end":{"line":8,"column":5}},"loc":{"start":{"line":8,"column":23},"end":{"line":11,"column":5}},"line":8},"1":{"name":"(anonymous_1)","decl":{"start":{"line":13,"column":4},"end":{"line":13,"column":5}},"loc":{"start":{"line":13,"column":13},"end":{"line":23,"column":5}},"line":13},"2":{"name":"(anonymous_2)","decl":{"start":{"line":25,"column":4},"end":{"line":25,"column":5}},"loc":{"start":{"line":25,"column":22},"end":{"line":27,"column":5}},"line":25},"3":{"name":"(anonymous_3)","decl":{"start":{"line":30,"column":24},"end":{"line":30,"column":25}},"loc":{"start":{"line":30,"column":35},"end":{"line":33,"column":1}},"line":30},"4":{"name":"(anonymous_4)","decl":{"start":{"line":35,"column":27},"end":{"line":35,"column":28}},"loc":{"start":{"line":35,"column":41},"end":{"line":39,"column":1}},"line":35},"5":{"name":"(anonymous_5)","decl":{"start":{"line":37,"column":21},"end":{"line":37,"column":22}},"loc":{"start":{"line":37,"column":32},"end":{"line":37,"column":60}},"line":37}},"branchMap":{},"s":{"0":0,"1":0,"2":0,"3":0,"4":1,"5":0,"6":1,"7":0,"8":0},"f":{"0":0,"1":0,"2":0,"3":0,"4":0,"5":0},"b":{},"_coverageSchema":"1a1c01bbd47fc00a2c39e90264f33305004495a9","hash":"6f4281720085808cb23143c0ef702654b40badc0"}
,"/Users/lhhsieh/Desktop/531/hw5-jesus255221/src/views/Main/Status.js": {"path":"/Users/lhhsieh/Desktop/531/hw5-jesus255221/src/views/Main/Status.js","statementMap":{"0":{"start":{"line":8,"column":8},"end":{"line":8,"column":21}},"1":{"start":{"line":12,"column":8},"end":{"line":23,"column":9}}},"fnMap":{"0":{"name":"(anonymous_0)","decl":{"start":{"line":7,"column":4},"end":{"line":7,"column":5}},"loc":{"start":{"line":7,"column":23},"end":{"line":9,"column":5}},"line":7},"1":{"name":"(anonymous_1)","decl":{"start":{"line":11,"column":4},"end":{"line":11,"column":5}},"loc":{"start":{"line":11,"column":13},"end":{"line":24,"column":5}},"line":11}},"branchMap":{},"s":{"0":0,"1":0},"f":{"0":0,"1":0},"b":{}}
,"/Users/lhhsieh/Desktop/531/hw5-jesus255221/src/views/Main/index.js": {"path":"/Users/lhhsieh/Desktop/531/hw5-jesus255221/src/views/Main/index.js","statementMap":{"0":{"start":{"line":13,"column":8},"end":{"line":37,"column":10}},"1":{"start":{"line":41,"column":24},"end":{"line":43,"column":1}},"2":{"start":{"line":42,"column":4},"end":{"line":42,"column":6}},"3":{"start":{"line":46,"column":4},"end":{"line":46,"column":6}}},"fnMap":{"0":{"name":"(anonymous_0)","decl":{"start":{"line":12,"column":4},"end":{"line":12,"column":5}},"loc":{"start":{"line":12,"column":13},"end":{"line":38,"column":5}},"line":12},"1":{"name":"(anonymous_1)","decl":{"start":{"line":41,"column":24},"end":{"line":41,"column":25}},"loc":{"start":{"line":42,"column":4},"end":{"line":42,"column":6}},"line":42}},"branchMap":{},"s":{"0":0,"1":1,"2":0,"3":1},"f":{"0":0,"1":0},"b":{},"_coverageSchema":"1a1c01bbd47fc00a2c39e90264f33305004495a9","hash":"5254ce170422c865c373d1dc10b6adf458248818"}
,"/Users/lhhsieh/Desktop/531/hw5-jesus255221/src/views/Profile/UpdateInfo.js": {"path":"/Users/lhhsieh/Desktop/531/hw5-jesus255221/src/views/Profile/UpdateInfo.js","statementMap":{"0":{"start":{"line":11,"column":8},"end":{"line":11,"column":21}},"1":{"start":{"line":12,"column":8},"end":{"line":19,"column":9}},"2":{"start":{"line":20,"column":8},"end":{"line":20,"column":57}},"3":{"start":{"line":21,"column":8},"end":{"line":21,"column":57}},"4":{"start":{"line":25,"column":8},"end":{"line":72,"column":10}},"5":{"start":{"line":76,"column":8},"end":{"line":78,"column":11}},"6":{"start":{"line":82,"column":8},"end":{"line":82,"column":29}},"7":{"start":{"line":83,"column":23},"end":{"line":83,"column":43}},"8":{"start":{"line":84,"column":18},"end":{"line":84,"column":65}},"9":{"start":{"line":85,"column":22},"end":{"line":85,"column":83}},"10":{"start":{"line":86,"column":22},"end":{"line":86,"column":27}},"11":{"start":{"line":87,"column":22},"end":{"line":87,"column":27}},"12":{"start":{"line":88,"column":8},"end":{"line":108,"column":9}},"13":{"start":{"line":88,"column":21},"end":{"line":88,"column":22}},"14":{"start":{"line":89,"column":12},"end":{"line":107,"column":13}},"15":{"start":{"line":90,"column":16},"end":{"line":90,"column":51}},"16":{"start":{"line":91,"column":16},"end":{"line":91,"column":55}},"17":{"start":{"line":92,"column":16},"end":{"line":92,"column":30}},"18":{"start":{"line":94,"column":26},"end":{"line":94,"column":44}},"19":{"start":{"line":95,"column":16},"end":{"line":106,"column":17}},"20":{"start":{"line":96,"column":20},"end":{"line":105,"column":21}},"21":{"start":{"line":97,"column":24},"end":{"line":97,"column":46}},"22":{"start":{"line":98,"column":24},"end":{"line":98,"column":38}},"23":{"start":{"line":100,"column":24},"end":{"line":102,"column":26}},"24":{"start":{"line":103,"column":24},"end":{"line":103,"column":38}},"25":{"start":{"line":104,"column":24},"end":{"line":104,"column":30}},"26":{"start":{"line":109,"column":8},"end":{"line":119,"column":9}},"27":{"start":{"line":110,"column":12},"end":{"line":110,"column":43}},"28":{"start":{"line":111,"column":12},"end":{"line":118,"column":14}},"29":{"start":{"line":125,"column":24},"end":{"line":129,"column":1}},"30":{"start":{"line":126,"column":4},"end":{"line":128,"column":5}},"31":{"start":{"line":131,"column":27},"end":{"line":135,"column":1}},"32":{"start":{"line":132,"column":4},"end":{"line":134,"column":5}},"33":{"start":{"line":133,"column":30},"end":{"line":133,"column":56}}},"fnMap":{"0":{"name":"(anonymous_0)","decl":{"start":{"line":10,"column":4},"end":{"line":10,"column":5}},"loc":{"start":{"line":10,"column":23},"end":{"line":22,"column":5}},"line":10},"1":{"name":"(anonymous_1)","decl":{"start":{"line":24,"column":4},"end":{"line":24,"column":5}},"loc":{"start":{"line":24,"column":13},"end":{"line":73,"column":5}},"line":24},"2":{"name":"(anonymous_2)","decl":{"start":{"line":75,"column":4},"end":{"line":75,"column":5}},"loc":{"start":{"line":75,"column":28},"end":{"line":79,"column":5}},"line":75},"3":{"name":"(anonymous_3)","decl":{"start":{"line":81,"column":4},"end":{"line":81,"column":5}},"loc":{"start":{"line":81,"column":22},"end":{"line":120,"column":5}},"line":81},"4":{"name":"(anonymous_4)","decl":{"start":{"line":125,"column":24},"end":{"line":125,"column":25}},"loc":{"start":{"line":125,"column":35},"end":{"line":129,"column":1}},"line":125},"5":{"name":"(anonymous_5)","decl":{"start":{"line":131,"column":27},"end":{"line":131,"column":28}},"loc":{"start":{"line":131,"column":41},"end":{"line":135,"column":1}},"line":131},"6":{"name":"(anonymous_6)","decl":{"start":{"line":133,"column":20},"end":{"line":133,"column":21}},"loc":{"start":{"line":133,"column":30},"end":{"line":133,"column":56}},"line":133}},"branchMap":{"0":{"loc":{"start":{"line":28,"column":17},"end":{"line":30,"column":24}},"type":"binary-expr","locations":[{"start":{"line":28,"column":17},"end":{"line":28,"column":41}},{"start":{"line":28,"column":45},"end":{"line":30,"column":24}}],"line":28},"1":{"loc":{"start":{"line":89,"column":12},"end":{"line":107,"column":13}},"type":"if","locations":[{"start":{"line":89,"column":12},"end":{"line":107,"column":13}},{"start":{"line":89,"column":12},"end":{"line":107,"column":13}}],"line":89},"2":{"loc":{"start":{"line":89,"column":16},"end":{"line":89,"column":63}},"type":"binary-expr","locations":[{"start":{"line":89,"column":16},"end":{"line":89,"column":35}},{"start":{"line":89,"column":39},"end":{"line":89,"column":63}}],"line":89},"3":{"loc":{"start":{"line":95,"column":16},"end":{"line":106,"column":17}},"type":"if","locations":[{"start":{"line":95,"column":16},"end":{"line":106,"column":17}},{"start":{"line":95,"column":16},"end":{"line":106,"column":17}}],"line":95},"4":{"loc":{"start":{"line":96,"column":20},"end":{"line":105,"column":21}},"type":"if","locations":[{"start":{"line":96,"column":20},"end":{"line":105,"column":21}},{"start":{"line":96,"column":20},"end":{"line":105,"column":21}}],"line":96},"5":{"loc":{"start":{"line":109,"column":8},"end":{"line":119,"column":9}},"type":"if","locations":[{"start":{"line":109,"column":8},"end":{"line":119,"column":9}},{"start":{"line":109,"column":8},"end":{"line":119,"column":9}}],"line":109},"6":{"loc":{"start":{"line":109,"column":12},"end":{"line":109,"column":31}},"type":"binary-expr","locations":[{"start":{"line":109,"column":12},"end":{"line":109,"column":20}},{"start":{"line":109,"column":24},"end":{"line":109,"column":31}}],"line":109}},"s":{"0":1,"1":1,"2":1,"3":1,"4":1,"5":0,"6":0,"7":0,"8":0,"9":0,"10":0,"11":0,"12":0,"13":0,"14":0,"15":0,"16":0,"17":0,"18":0,"19":0,"20":0,"21":0,"22":0,"23":0,"24":0,"25":0,"26":0,"27":0,"28":0,"29":1,"30":1,"31":1,"32":1,"33":0},"f":{"0":1,"1":1,"2":0,"3":0,"4":1,"5":1,"6":0},"b":{"0":[1,0],"1":[0,0],"2":[0,0],"3":[0,0],"4":[0,0],"5":[0,0],"6":[0,0]},"_coverageSchema":"1a1c01bbd47fc00a2c39e90264f33305004495a9","hash":"ec51a3ef9b8854fd7635a01c400155ea6ef617c4"}
,"/Users/lhhsieh/Desktop/531/hw5-jesus255221/src/views/Profile/index.js": {"path":"/Users/lhhsieh/Desktop/531/hw5-jesus255221/src/views/Profile/index.js","statementMap":{"0":{"start":{"line":9,"column":19},"end":{"line":9,"column":86}},"1":{"start":{"line":10,"column":8},"end":{"line":21,"column":17}},"2":{"start":{"line":25,"column":8},"end":{"line":38,"column":21}},"3":{"start":{"line":44,"column":24},"end":{"line":48,"column":1}},"4":{"start":{"line":45,"column":4},"end":{"line":47,"column":5}},"5":{"start":{"line":50,"column":27},"end":{"line":52,"column":1}},"6":{"start":{"line":51,"column":4},"end":{"line":51,"column":13}}},"fnMap":{"0":{"name":"(anonymous_0)","decl":{"start":{"line":8,"column":4},"end":{"line":8,"column":5}},"loc":{"start":{"line":8,"column":13},"end":{"line":22,"column":5}},"line":8},"1":{"name":"(anonymous_1)","decl":{"start":{"line":24,"column":4},"end":{"line":24,"column":5}},"loc":{"start":{"line":24,"column":19},"end":{"line":39,"column":5}},"line":24},"2":{"name":"(anonymous_2)","decl":{"start":{"line":44,"column":24},"end":{"line":44,"column":25}},"loc":{"start":{"line":44,"column":35},"end":{"line":48,"column":1}},"line":44},"3":{"name":"(anonymous_3)","decl":{"start":{"line":50,"column":27},"end":{"line":50,"column":28}},"loc":{"start":{"line":50,"column":41},"end":{"line":52,"column":1}},"line":50}},"branchMap":{"0":{"loc":{"start":{"line":9,"column":19},"end":{"line":9,"column":86}},"type":"cond-expr","locations":[{"start":{"line":9,"column":51},"end":{"line":9,"column":81}},{"start":{"line":9,"column":84},"end":{"line":9,"column":86}}],"line":9}},"s":{"0":1,"1":1,"2":1,"3":1,"4":1,"5":1,"6":1},"f":{"0":1,"1":1,"2":1,"3":1},"b":{"0":[1,0]},"_coverageSchema":"1a1c01bbd47fc00a2c39e90264f33305004495a9","hash":"71cc187872fac804d6895043e6a517c78a6c8dc5"}
}
