TN:
SF:src/App.js
FN:12,(anonymous_0)
FN:13,(anonymous_1)
FN:18,(anonymous_2)
FN:19,(anonymous_3)
FN:21,(anonymous_4)
FN:26,(anonymous_5)
FN:32,(anonymous_6)
FN:33,(anonymous_7)
FN:34,(anonymous_8)
FN:37,(anonymous_9)
FN:38,(anonymous_10)
FN:48,(anonymous_11)
FN:51,(anonymous_12)
FN:54,(anonymous_13)
FN:62,(anonymous_14)
FN:83,(anonymous_15)
FN:94,(anonymous_16)
FN:100,(anonymous_17)
FN:102,(anonymous_18)
FN:103,(anonymous_19)
FN:104,(anonymous_20)
FNF:21
FNH:0
FNDA:0,(anonymous_0)
FNDA:0,(anonymous_1)
FNDA:0,(anonymous_2)
FNDA:0,(anonymous_3)
FNDA:0,(anonymous_4)
FNDA:0,(anonymous_5)
FNDA:0,(anonymous_6)
FNDA:0,(anonymous_7)
FNDA:0,(anonymous_8)
FNDA:0,(anonymous_9)
FNDA:0,(anonymous_10)
FNDA:0,(anonymous_11)
FNDA:0,(anonymous_12)
FNDA:0,(anonymous_13)
FNDA:0,(anonymous_14)
FNDA:0,(anonymous_15)
FNDA:0,(anonymous_16)
FNDA:0,(anonymous_17)
FNDA:0,(anonymous_18)
FNDA:0,(anonymous_19)
FNDA:0,(anonymous_20)
DA:13,0
DA:14,0
DA:15,0
DA:17,0
DA:18,0
DA:21,0
DA:22,0
DA:26,0
DA:29,0
DA:30,0
DA:32,0
DA:33,0
DA:36,0
DA:37,0
DA:38,0
DA:39,0
DA:45,0
DA:46,0
DA:48,0
DA:51,0
DA:52,0
DA:53,0
DA:55,0
DA:56,0
DA:57,0
DA:63,0
DA:84,0
DA:85,0
DA:94,1
DA:100,1
DA:101,0
DA:102,0
DA:103,0
DA:104,0
LF:34
LH:2
BRDA:14,0,0,0
BRDA:14,0,1,0
BRDA:14,1,0,0
BRDA:14,1,1,0
BRDA:55,2,0,0
BRDA:55,2,1,0
BRDA:67,3,0,0
BRDA:67,3,1,0
BRDA:70,4,0,0
BRDA:70,4,1,0
BRDA:73,5,0,0
BRDA:73,5,1,0
BRDA:76,6,0,0
BRDA:76,6,1,0
BRF:14
BRH:0
end_of_record
TN:
SF:src/action.js
FN:17,login
FN:21,logout
FN:25,register
FN:29,userInit
FN:33,postInit
FN:37,addPost
FN:41,updateInfo
FN:45,updateStatus
FN:49,updateQuery
FN:53,follow
FN:57,unfollow
FNF:11
FNH:11
FNDA:2,login
FNDA:1,logout
FNDA:2,register
FNDA:1,userInit
FNDA:1,postInit
FNDA:1,addPost
FNDA:1,updateInfo
FNDA:1,updateStatus
FNDA:1,updateQuery
FNDA:1,follow
FNDA:1,unfollow
DA:1,1
DA:2,1
DA:3,1
DA:4,1
DA:5,1
DA:6,1
DA:7,1
DA:8,1
DA:9,1
DA:10,1
DA:11,1
DA:18,2
DA:22,1
DA:26,2
DA:30,1
DA:34,1
DA:38,1
DA:42,1
DA:46,1
DA:50,1
DA:54,1
DA:58,1
LF:22
LH:22
BRF:0
BRH:0
end_of_record
TN:
SF:src/index.js
FNF:0
FNH:0
DA:12,0
DA:14,0
DA:26,0
LF:3
LH:0
BRF:0
BRH:0
end_of_record
TN:
SF:src/reducers.js
FN:24,RiceBookApp
FN:52,(anonymous_1)
FN:87,(anonymous_2)
FN:100,(anonymous_3)
FN:102,(anonymous_4)
FN:122,(anonymous_5)
FN:149,(anonymous_6)
FN:174,(anonymous_7)
FN:180,(anonymous_8)
FN:192,(anonymous_9)
FN:197,(anonymous_10)
FN:205,(anonymous_11)
FN:214,getCurrentTime
FNF:13
FNH:13
FNDA:14,RiceBookApp
FNDA:100,(anonymous_1)
FNDA:21,(anonymous_2)
FNDA:3,(anonymous_3)
FNDA:10,(anonymous_4)
FNDA:111,(anonymous_5)
FNDA:101,(anonymous_6)
FNDA:41,(anonymous_7)
FNDA:101,(anonymous_8)
FNDA:101,(anonymous_9)
FNDA:4,(anonymous_10)
FNDA:101,(anonymous_11)
FNDA:10,getCurrentTime
DA:14,1
DA:26,14
DA:29,2
DA:30,11
DA:31,1
DA:32,1
DA:33,1
DA:36,2
DA:37,1
DA:44,1
DA:45,1
DA:46,1
DA:52,100
DA:56,2
DA:57,2
DA:60,2
DA:61,2
DA:62,2
DA:63,7
DA:64,1
DA:65,0
DA:66,0
DA:68,6
DA:69,1
DA:70,1
DA:71,0
DA:72,0
DA:74,1
DA:75,1
DA:76,1
DA:77,1
DA:78,0
DA:79,0
DA:82,5
DA:83,5
DA:84,0
DA:85,0
DA:87,21
DA:88,1
DA:89,1
DA:94,2
DA:95,1
DA:96,1
DA:100,3
DA:102,1
DA:103,10
DA:111,1
DA:112,1
DA:113,1
DA:114,1
DA:115,1
DA:122,111
DA:126,1
DA:132,1
DA:139,1
DA:144,1
DA:145,1
DA:149,101
DA:153,1
DA:158,1
DA:159,1
DA:160,1
DA:161,1
DA:162,1
DA:169,1
DA:174,1
DA:175,41
DA:177,1
DA:180,101
DA:184,1
DA:185,1
DA:186,1
DA:188,1
DA:192,101
DA:197,4
DA:198,1
DA:205,101
DA:210,1
DA:215,10
DA:216,10
LF:80
LH:72
BRDA:24,0,0,2
BRDA:26,1,0,2
BRDA:26,1,1,2
BRDA:26,1,2,1
BRDA:26,1,3,1
BRDA:26,1,4,1
BRDA:26,1,5,1
BRDA:26,1,6,1
BRDA:26,1,7,1
BRDA:26,1,8,1
BRDA:26,1,9,1
BRDA:26,1,10,1
BRDA:26,1,11,1
BRDA:30,2,0,1
BRDA:30,2,1,10
BRDA:30,3,0,11
BRDA:30,3,1,1
BRDA:36,4,0,1
BRDA:36,4,1,1
BRDA:52,5,0,100
BRDA:52,5,1,90
BRDA:63,6,0,1
BRDA:63,6,1,6
BRDA:64,7,0,0
BRDA:64,7,1,1
BRDA:68,8,0,1
BRDA:68,8,1,5
BRDA:70,9,0,0
BRDA:70,9,1,1
BRDA:77,10,0,0
BRDA:77,10,1,1
BRDA:83,11,0,0
BRDA:83,11,1,5
BRDA:83,12,0,5
BRDA:83,12,1,5
BRDA:87,13,0,1
BRDA:87,13,1,4
BRDA:87,14,0,5
BRDA:87,14,1,2
BRDA:94,15,0,1
BRDA:94,15,1,1
BRDA:122,16,0,111
BRDA:122,16,1,101
BRDA:149,17,0,101
BRDA:149,17,1,90
BRDA:175,18,0,41
BRDA:175,18,1,41
BRDA:180,19,0,101
BRDA:180,19,1,90
BRDA:185,20,0,1
BRDA:185,20,1,0
BRDA:192,21,0,101
BRDA:192,21,1,90
BRDA:197,22,0,4
BRDA:197,22,1,3
BRDA:205,23,0,101
BRDA:205,23,1,90
BRF:57
BRH:52
end_of_record
TN:
SF:src/reportWebVitals.js
FN:1,(anonymous_0)
FN:3,(anonymous_1)
FNF:2
FNH:0
FNDA:0,(anonymous_0)
FNDA:0,(anonymous_1)
DA:1,0
DA:2,0
DA:3,0
DA:4,0
DA:5,0
DA:6,0
DA:7,0
DA:8,0
LF:8
LH:0
BRDA:2,0,0,0
BRDA:2,0,1,0
BRDA:2,1,0,0
BRDA:2,1,1,0
BRF:4
BRH:0
end_of_record
TN:
SF:src/components/FormInput/index.js
FN:6,(anonymous_0)
FN:10,(anonymous_1)
FN:21,(anonymous_2)
FNF:3
FNH:2
FNDA:5,(anonymous_0)
FNDA:5,(anonymous_1)
FNDA:0,(anonymous_2)
DA:7,5
DA:11,5
DA:21,0
LF:3
LH:2
BRDA:14,0,0,5
BRDA:14,0,1,0
BRDA:18,1,0,1
BRDA:18,1,1,4
BRF:4
BRH:3
end_of_record
TN:
SF:src/components/NavBar/index.js
FN:10,(anonymous_0)
FN:13,(anonymous_1)
FNF:2
FNH:2
FNDA:1,(anonymous_0)
FNDA:1,(anonymous_1)
DA:11,1
DA:14,1
LF:2
LH:2
BRF:0
BRH:0
end_of_record
TN:
SF:src/views/Landing/Login.js
FN:10,(anonymous_0)
FN:22,(anonymous_1)
FN:50,(anonymous_2)
FN:56,(anonymous_3)
FN:63,(anonymous_4)
FN:70,(anonymous_5)
FN:72,(anonymous_6)
FNF:7
FNH:0
FNDA:0,(anonymous_0)
FNDA:0,(anonymous_1)
FNDA:0,(anonymous_2)
FNDA:0,(anonymous_3)
FNDA:0,(anonymous_4)
FNDA:0,(anonymous_5)
FNDA:0,(anonymous_6)
DA:11,0
DA:12,0
DA:18,0
DA:19,0
DA:23,0
DA:24,0
DA:51,0
DA:57,0
DA:58,0
DA:63,1
DA:64,0
DA:70,1
DA:71,0
DA:72,0
LF:14
LH:2
BRDA:27,0,0,0
BRDA:27,0,1,0
BRF:2
BRH:0
end_of_record
TN:
SF:src/views/Landing/Register.js
FN:10,(anonymous_0)
FN:37,(anonymous_1)
FN:126,(anonymous_2)
FN:132,(anonymous_3)
FN:139,(anonymous_4)
FN:150,(anonymous_5)
FN:159,(anonymous_6)
FN:161,(anonymous_7)
FN:162,(anonymous_8)
FNF:9
FNH:0
FNDA:0,(anonymous_0)
FNDA:0,(anonymous_1)
FNDA:0,(anonymous_2)
FNDA:0,(anonymous_3)
FNDA:0,(anonymous_4)
FNDA:0,(anonymous_5)
FNDA:0,(anonymous_6)
FNDA:0,(anonymous_7)
FNDA:0,(anonymous_8)
DA:11,0
DA:12,0
DA:33,0
DA:34,0
DA:38,0
DA:127,0
DA:133,0
DA:134,0
DA:135,0
DA:136,0
DA:140,0
DA:141,0
DA:150,1
DA:151,0
DA:159,1
DA:160,0
DA:161,0
DA:162,0
LF:18
LH:2
BRDA:41,0,0,0
BRDA:41,0,1,0
BRF:2
BRH:0
end_of_record
TN:
SF:src/views/Landing/index.js
FN:9,(anonymous_0)
FN:25,(anonymous_1)
FN:30,(anonymous_2)
FNF:3
FNH:0
FNDA:0,(anonymous_0)
FNDA:0,(anonymous_1)
FNDA:0,(anonymous_2)
DA:10,0
DA:25,1
DA:26,0
DA:30,1
DA:31,0
LF:5
LH:2
BRF:0
BRH:0
end_of_record
TN:
SF:src/views/Main/AddPost.js
FN:8,(anonymous_0)
FN:18,(anonymous_1)
FN:37,(anonymous_2)
FN:45,(anonymous_3)
FN:55,(anonymous_4)
FN:61,(anonymous_5)
FN:72,(anonymous_6)
FN:76,(anonymous_7)
FN:78,(anonymous_8)
FNF:9
FNH:0
FNDA:0,(anonymous_0)
FNDA:0,(anonymous_1)
FNDA:0,(anonymous_2)
FNDA:0,(anonymous_3)
FNDA:0,(anonymous_4)
FNDA:0,(anonymous_5)
FNDA:0,(anonymous_6)
FNDA:0,(anonymous_7)
FNDA:0,(anonymous_8)
DA:9,0
DA:10,0
DA:13,0
DA:14,0
DA:15,0
DA:19,0
DA:38,0
DA:46,0
DA:47,0
DA:56,0
DA:62,0
DA:63,0
DA:72,1
DA:73,0
DA:76,1
DA:77,0
DA:78,0
LF:17
LH:2
BRF:0
BRH:0
end_of_record
TN:
SF:src/views/Main/Post.js
FN:7,(anonymous_0)
FN:37,(anonymous_1)
FN:43,(anonymous_2)
FNF:3
FNH:0
FNDA:0,(anonymous_0)
FNDA:0,(anonymous_1)
FNDA:0,(anonymous_2)
DA:9,0
DA:37,1
DA:38,0
DA:43,1
DA:44,0
LF:5
LH:2
BRF:0
BRH:0
end_of_record
TN:
SF:src/views/Main/Posts.js
FN:8,(anonymous_0)
FN:13,(anonymous_1)
FN:22,(anonymous_2)
FN:28,(anonymous_3)
FNF:4
FNH:0
FNDA:0,(anonymous_0)
FNDA:0,(anonymous_1)
FNDA:0,(anonymous_2)
FNDA:0,(anonymous_3)
DA:9,0
DA:13,0
DA:22,1
DA:23,0
DA:28,1
DA:29,0
LF:6
LH:2
BRF:0
BRH:0
end_of_record
TN:
SF:src/views/Main/ProfileInfo.js
FN:10,(anonymous_0)
FN:28,(anonymous_1)
FN:69,(anonymous_2)
FN:70,(anonymous_3)
FN:82,(anonymous_4)
FN:97,(anonymous_5)
FN:108,(anonymous_6)
FN:115,(anonymous_7)
FN:121,(anonymous_8)
FN:125,(anonymous_9)
FN:131,(anonymous_10)
FN:138,(anonymous_11)
FN:147,(anonymous_12)
FN:149,(anonymous_13)
FN:150,(anonymous_14)
FN:151,(anonymous_15)
FN:152,(anonymous_16)
FNF:17
FNH:0
FNDA:0,(anonymous_0)
FNDA:0,(anonymous_1)
FNDA:0,(anonymous_2)
FNDA:0,(anonymous_3)
FNDA:0,(anonymous_4)
FNDA:0,(anonymous_5)
FNDA:0,(anonymous_6)
FNDA:0,(anonymous_7)
FNDA:0,(anonymous_8)
FNDA:0,(anonymous_9)
FNDA:0,(anonymous_10)
FNDA:0,(anonymous_11)
FNDA:0,(anonymous_12)
FNDA:0,(anonymous_13)
FNDA:0,(anonymous_14)
FNDA:0,(anonymous_15)
FNDA:0,(anonymous_16)
DA:11,0
DA:13,0
DA:14,0
DA:15,0
DA:16,0
DA:17,0
DA:19,0
DA:25,0
DA:29,0
DA:69,0
DA:71,0
DA:82,0
DA:97,0
DA:109,0
DA:116,0
DA:117,0
DA:118,0
DA:122,0
DA:126,0
DA:132,0
DA:133,0
DA:138,1
DA:139,0
DA:147,1
DA:148,0
DA:149,0
DA:150,0
DA:151,0
DA:152,0
LF:29
LH:2
BRDA:44,0,0,0
BRDA:44,0,1,0
BRDA:69,1,0,0
BRDA:69,1,1,0
BRDA:132,2,0,0
BRDA:132,2,1,0
BRF:6
BRH:0
end_of_record
TN:
SF:src/views/Main/SearchBar.js
FN:8,(anonymous_0)
FN:13,(anonymous_1)
FN:25,(anonymous_2)
FN:30,(anonymous_3)
FN:35,(anonymous_4)
FN:37,(anonymous_5)
FNF:6
FNH:0
FNDA:0,(anonymous_0)
FNDA:0,(anonymous_1)
FNDA:0,(anonymous_2)
FNDA:0,(anonymous_3)
FNDA:0,(anonymous_4)
FNDA:0,(anonymous_5)
DA:9,0
DA:10,0
DA:14,0
DA:26,0
DA:30,1
DA:31,0
DA:35,1
DA:36,0
DA:37,0
LF:9
LH:2
BRF:0
BRH:0
end_of_record
TN:
SF:src/views/Main/Status.js
FN:7,(anonymous_0)
FN:11,(anonymous_1)
FNF:2
FNH:0
FNDA:0,(anonymous_0)
FNDA:0,(anonymous_1)
DA:8,0
DA:12,0
LF:2
LH:0
BRF:0
BRH:0
end_of_record
TN:
SF:src/views/Main/index.js
FN:12,(anonymous_0)
FN:41,(anonymous_1)
FNF:2
FNH:0
FNDA:0,(anonymous_0)
FNDA:0,(anonymous_1)
DA:13,0
DA:41,1
DA:42,0
DA:46,1
LF:4
LH:2
BRF:0
BRH:0
end_of_record
TN:
SF:src/views/Profile/UpdateInfo.js
FN:10,(anonymous_0)
FN:24,(anonymous_1)
FN:75,(anonymous_2)
FN:81,(anonymous_3)
FN:125,(anonymous_4)
FN:131,(anonymous_5)
FN:133,(anonymous_6)
FNF:7
FNH:4
FNDA:1,(anonymous_0)
FNDA:1,(anonymous_1)
FNDA:0,(anonymous_2)
FNDA:0,(anonymous_3)
FNDA:1,(anonymous_4)
FNDA:1,(anonymous_5)
FNDA:0,(anonymous_6)
DA:11,1
DA:12,1
DA:20,1
DA:21,1
DA:25,1
DA:76,0
DA:82,0
DA:83,0
DA:84,0
DA:85,0
DA:86,0
DA:87,0
DA:88,0
DA:89,0
DA:90,0
DA:91,0
DA:92,0
DA:94,0
DA:95,0
DA:96,0
DA:97,0
DA:98,0
DA:100,0
DA:103,0
DA:104,0
DA:109,0
DA:110,0
DA:111,0
DA:125,1
DA:126,1
DA:131,1
DA:132,1
DA:133,0
LF:33
LH:9
BRDA:28,0,0,1
BRDA:28,0,1,0
BRDA:89,1,0,0
BRDA:89,1,1,0
BRDA:89,2,0,0
BRDA:89,2,1,0
BRDA:95,3,0,0
BRDA:95,3,1,0
BRDA:96,4,0,0
BRDA:96,4,1,0
BRDA:109,5,0,0
BRDA:109,5,1,0
BRDA:109,6,0,0
BRDA:109,6,1,0
BRF:14
BRH:1
end_of_record
TN:
SF:src/views/Profile/index.js
FN:8,(anonymous_0)
FN:24,(anonymous_1)
FN:44,(anonymous_2)
FN:50,(anonymous_3)
FNF:4
FNH:4
FNDA:1,(anonymous_0)
FNDA:1,(anonymous_1)
FNDA:1,(anonymous_2)
FNDA:1,(anonymous_3)
DA:9,1
DA:10,1
DA:25,1
DA:44,1
DA:45,1
DA:50,1
DA:51,1
LF:7
LH:7
BRDA:9,0,0,1
BRDA:9,0,1,0
BRF:2
BRH:1
end_of_record
